<?xml version="1.0" encoding="UTF-8"?><testsuite failures="1" name="cucumber.runtime.formatter.JUnitFormatter" skipped="0" tests="1" time="59.381112">
<testcase classname="Request for test drive" name="request for test drive" time="59.381112">
<failure message="org.openqa.selenium.TimeoutException: Timed out after 30 seconds waiting for text ('THANK YOU REVATHI') to be present in element found by By.tagName: body&#10;Build info: version: '2.46.0', revision: '61506a4624b13675f24581e453592342b7485d71', time: '2015-06-04 10:22:50'&#10;System info: host: 'SYDWSD4MFHZ1', ip: '10.65.2.58', os.name: 'Windows 7', os.arch: 'amd64', os.version: '6.1', java.version: '1.8.0_51'&#10;Driver info: org.openqa.selenium.firefox.FirefoxDriver&#10;Capabilities [{applicationCacheEnabled=true, rotatable=false, handlesAlerts=true, databaseEnabled=true, version=35.0.1, platform=WINDOWS, nativeEvents=false, acceptSslCerts=true, webStorageEnabled=true, locationContextEnabled=true, browserName=firefox, takesScreenshot=true, javascriptEnabled=true, cssSelectorsEnabled=true}]&#10;Session ID: c6526e5d-c79e-4be7-a53e-d65d7c378b03&#13;&#10;&#9;at org.openqa.selenium.support.ui.WebDriverWait.timeoutException(WebDriverWait.java:80)&#13;&#10;&#9;at org.openqa.selenium.support.ui.FluentWait.until(FluentWait.java:229)&#13;&#10;&#9;at com.sample.CommonSteps.i_should_see(CommonSteps.java:32)&#13;&#10;&#9;at com.sample.StepDefenition.i_should_see(StepDefenition.java:48)&#13;&#10;&#9;at ✽.Then I should see &quot;THANK YOU REVATHI&quot;(src/test/java/feature/RequestaTestDrive.feature:17)&#13;&#10;"><![CDATA[Given I am in the home page.................................................passed
Then I should see "Request a Test Drive"....................................passed
And I follow link "Request a Test Drive"....................................passed
Then I should see "CONTACT US"..............................................passed
And I select first model....................................................passed
And I select your details...................................................passed
And I fill in my details as follows.........................................passed
And I fill in my preferred postcode as "2134" and select "Sydney City Lexus".passed
Then I should see "THANK YOU REVATHI".......................................failed

StackTrace:
org.openqa.selenium.TimeoutException: Timed out after 30 seconds waiting for text ('THANK YOU REVATHI') to be present in element found by By.tagName: body
Build info: version: '2.46.0', revision: '61506a4624b13675f24581e453592342b7485d71', time: '2015-06-04 10:22:50'
System info: host: 'SYDWSD4MFHZ1', ip: '10.65.2.58', os.name: 'Windows 7', os.arch: 'amd64', os.version: '6.1', java.version: '1.8.0_51'
Driver info: org.openqa.selenium.firefox.FirefoxDriver
Capabilities [{applicationCacheEnabled=true, rotatable=false, handlesAlerts=true, databaseEnabled=true, version=35.0.1, platform=WINDOWS, nativeEvents=false, acceptSslCerts=true, webStorageEnabled=true, locationContextEnabled=true, browserName=firefox, takesScreenshot=true, javascriptEnabled=true, cssSelectorsEnabled=true}]
Session ID: c6526e5d-c79e-4be7-a53e-d65d7c378b03
	at org.openqa.selenium.support.ui.WebDriverWait.timeoutException(WebDriverWait.java:80)
	at org.openqa.selenium.support.ui.FluentWait.until(FluentWait.java:229)
	at com.sample.CommonSteps.i_should_see(CommonSteps.java:32)
	at com.sample.StepDefenition.i_should_see(StepDefenition.java:48)
	at ✽.Then I should see "THANK YOU REVATHI"(src/test/java/feature/RequestaTestDrive.feature:17)
]]></failure>
</testcase>
</testsuite>
